<?xml version="1.0" encoding="UTF-8"?>
<!-- Generated by org.testng.reporters.JUnitXMLReporter -->
<testsuite ignored="0" hostname="Sunils-MacBook-Air.local" failures="0" tests="3" name="Default test" time="253.399" errors="0" timestamp="2022-04-25T04:54:17 IST">
  <testcase classname="com.aspire.tests.ProblemTestCase" name="RunEndtoEndTestCase" time="81.952"/>
  <testcase classname="com.aspire.tests.ProblemTestCase" name="RunEndtoEndTestCase" time="71.833"/>
  <testcase classname="com.aspire.tests.ProblemTestCase" name="RunEndtoEndTestCase" time="71.246"/>
</testsuite> <!-- Default test -->
