<?xml version="1.0" encoding="UTF-8"?>
<testng-results ignored="0" total="3" passed="3" failed="0" skipped="0">
  <reporter-output>
  </reporter-output>
  <suite started-at="2022-04-25T04:50:03 IST" name="Default suite" finished-at="2022-04-25T04:54:17 IST" duration-ms="253399">
    <groups>
    </groups>
    <test started-at="2022-04-25T04:50:03 IST" name="Default test" finished-at="2022-04-25T04:54:17 IST" duration-ms="253399">
      <class name="com.aspire.tests.ProblemTestCase">
        <test-method is-config="true" signature="kickStartProject()[pri:0, instance:com.aspire.tests.ProblemTestCase@1b7cc17c]" started-at="2022-04-25T04:50:03 IST" name="kickStartProject" finished-at="2022-04-25T04:50:26 IST" duration-ms="22397" status="PASS">
          <reporter-output>
          </reporter-output>
        </test-method> <!-- kickStartProject -->
        <test-method signature="RunEndtoEndTestCase(java.lang.String,java.lang.String,java.lang.String,java.lang.String)[pri:0, instance:com.aspire.tests.ProblemTestCase@1b7cc17c]" started-at="2022-04-25T04:50:27 IST" name="RunEndtoEndTestCase" data-provider="excelData" finished-at="2022-04-25T04:51:49 IST" duration-ms="81952" status="PASS">
          <params>
            <param index="0">
              <value>
                <![CDATA[AmazingFrenchFries]]>
              </value>
            </param>
            <param index="1">
              <value>
                <![CDATA[13]]>
              </value>
            </param>
            <param index="2">
              <value>
                <![CDATA[IndianHotDog]]>
              </value>
            </param>
            <param index="3">
              <value>
                <![CDATA[12]]>
              </value>
            </param>
          </params>
          <reporter-output>
          </reporter-output>
        </test-method> <!-- RunEndtoEndTestCase -->
        <test-method is-config="true" signature="thishasToruntoresetwebSiteStatus()[pri:0, instance:com.aspire.tests.ProblemTestCase@1b7cc17c]" started-at="2022-04-25T04:51:49 IST" name="thishasToruntoresetwebSiteStatus" finished-at="2022-04-25T04:51:50 IST" duration-ms="1555" status="PASS">
          <reporter-output>
          </reporter-output>
        </test-method> <!-- thishasToruntoresetwebSiteStatus -->
        <test-method signature="RunEndtoEndTestCase(java.lang.String,java.lang.String,java.lang.String,java.lang.String)[pri:0, instance:com.aspire.tests.ProblemTestCase@1b7cc17c]" started-at="2022-04-25T04:51:50 IST" name="RunEndtoEndTestCase" data-provider="excelData" finished-at="2022-04-25T04:53:02 IST" duration-ms="71833" status="PASS">
          <params>
            <param index="0">
              <value>
                <![CDATA[KFCStrawberryCrusher]]>
              </value>
            </param>
            <param index="1">
              <value>
                <![CDATA[12]]>
              </value>
            </param>
            <param index="2">
              <value>
                <![CDATA[AmazingFrenchFries]]>
              </value>
            </param>
            <param index="3">
              <value>
                <![CDATA[11]]>
              </value>
            </param>
          </params>
          <reporter-output>
          </reporter-output>
        </test-method> <!-- RunEndtoEndTestCase -->
        <test-method is-config="true" signature="thishasToruntoresetwebSiteStatus()[pri:0, instance:com.aspire.tests.ProblemTestCase@1b7cc17c]" started-at="2022-04-25T04:53:02 IST" name="thishasToruntoresetwebSiteStatus" finished-at="2022-04-25T04:53:04 IST" duration-ms="1574" status="PASS">
          <reporter-output>
          </reporter-output>
        </test-method> <!-- thishasToruntoresetwebSiteStatus -->
        <test-method signature="RunEndtoEndTestCase(java.lang.String,java.lang.String,java.lang.String,java.lang.String)[pri:0, instance:com.aspire.tests.ProblemTestCase@1b7cc17c]" started-at="2022-04-25T04:53:04 IST" name="RunEndtoEndTestCase" data-provider="excelData" finished-at="2022-04-25T04:54:15 IST" duration-ms="71246" status="PASS">
          <params>
            <param index="0">
              <value>
                <![CDATA[KFCAmazingVegBurger]]>
              </value>
            </param>
            <param index="1">
              <value>
                <![CDATA[15]]>
              </value>
            </param>
            <param index="2">
              <value>
                <![CDATA[KFCStrawberryCrusher]]>
              </value>
            </param>
            <param index="3">
              <value>
                <![CDATA[12]]>
              </value>
            </param>
          </params>
          <reporter-output>
          </reporter-output>
        </test-method> <!-- RunEndtoEndTestCase -->
        <test-method is-config="true" signature="thishasToruntoresetwebSiteStatus()[pri:0, instance:com.aspire.tests.ProblemTestCase@1b7cc17c]" started-at="2022-04-25T04:54:15 IST" name="thishasToruntoresetwebSiteStatus" finished-at="2022-04-25T04:54:16 IST" duration-ms="1590" status="PASS">
          <reporter-output>
          </reporter-output>
        </test-method> <!-- thishasToruntoresetwebSiteStatus -->
        <test-method is-config="true" signature="tearDown()[pri:0, instance:com.aspire.tests.ProblemTestCase@1b7cc17c]" started-at="2022-04-25T04:54:17 IST" name="tearDown" finished-at="2022-04-25T04:54:17 IST" duration-ms="215" status="PASS">
          <reporter-output>
          </reporter-output>
        </test-method> <!-- tearDown -->
      </class> <!-- com.aspire.tests.ProblemTestCase -->
    </test> <!-- Default test -->
  </suite> <!-- Default suite -->
</testng-results>
